<?xml version="1.0" encoding="UTF-8"?>
<testng-results skipped="0" failed="0" ignored="0" total="7" passed="7">
  <reporter-output>
  </reporter-output>
  <suite name="Suite" duration-ms="133224" started-at="2021-09-05T19:30:40 WIB" finished-at="2021-09-05T19:32:53 WIB">
    <groups>
    </groups>
    <test name="Test" duration-ms="133224" started-at="2021-09-05T19:30:40 WIB" finished-at="2021-09-05T19:32:53 WIB">
      <class name="TestSuite.AppTest">
        <test-method status="PASS" signature="initTest()[pri:0, instance:TestSuite.AppTest@52a86356]" name="initTest" is-config="true" duration-ms="165" started-at="2021-09-05T19:30:40 WIB" finished-at="2021-09-05T19:30:40 WIB">
          <reporter-output>
          </reporter-output>
        </test-method> <!-- initTest -->
        <test-method status="PASS" signature="start()[pri:0, instance:TestSuite.AppTest@52a86356]" name="start" is-config="true" duration-ms="5419" started-at="2021-09-05T19:30:40 WIB" finished-at="2021-09-05T19:30:46 WIB">
          <reporter-output>
          </reporter-output>
        </test-method> <!-- start -->
        <test-method status="PASS" signature="login()[pri:-1, instance:TestSuite.AppTest@52a86356]" name="login" duration-ms="20365" started-at="2021-09-05T19:30:46 WIB" finished-at="2021-09-05T19:31:06 WIB">
          <reporter-output>
          </reporter-output>
        </test-method> <!-- login -->
        <test-method status="PASS" signature="createSecret()[pri:0, instance:TestSuite.AppTest@52a86356]" name="createSecret" duration-ms="36426" started-at="2021-09-05T19:31:06 WIB" finished-at="2021-09-05T19:31:42 WIB">
          <reporter-output>
          </reporter-output>
        </test-method> <!-- createSecret -->
        <test-method status="PASS" signature="createSecretWithoutPermission()[pri:0, instance:TestSuite.AppTest@52a86356]" name="createSecretWithoutPermission" duration-ms="33138" started-at="2021-09-05T19:31:42 WIB" finished-at="2021-09-05T19:32:15 WIB">
          <reporter-output>
          </reporter-output>
        </test-method> <!-- createSecretWithoutPermission -->
        <test-method status="PASS" signature="updateSecretPermission()[pri:1, instance:TestSuite.AppTest@52a86356]" name="updateSecretPermission" duration-ms="24974" started-at="2021-09-05T19:32:15 WIB" finished-at="2021-09-05T19:32:40 WIB">
          <reporter-output>
          </reporter-output>
        </test-method> <!-- updateSecretPermission -->
        <test-method status="PASS" signature="requestVANoAuth()[pri:2, instance:TestSuite.AppTest@52a86356]" name="requestVANoAuth" duration-ms="4743" started-at="2021-09-05T19:32:40 WIB" finished-at="2021-09-05T19:32:45 WIB">
          <reporter-output>
          </reporter-output>
        </test-method> <!-- requestVANoAuth -->
        <test-method status="PASS" signature="requestVAAuth()[pri:3, instance:TestSuite.AppTest@52a86356]" name="requestVAAuth" duration-ms="4530" started-at="2021-09-05T19:32:45 WIB" finished-at="2021-09-05T19:32:50 WIB">
          <reporter-output>
          </reporter-output>
        </test-method> <!-- requestVAAuth -->
        <test-method status="PASS" signature="validateVAList()[pri:4, instance:TestSuite.AppTest@52a86356]" name="validateVAList" duration-ms="3228" started-at="2021-09-05T19:32:50 WIB" finished-at="2021-09-05T19:32:53 WIB">
          <reporter-output>
          </reporter-output>
        </test-method> <!-- validateVAList -->
        <test-method status="PASS" signature="close()[pri:0, instance:TestSuite.AppTest@52a86356]" name="close" is-config="true" duration-ms="368" started-at="2021-09-05T19:32:53 WIB" finished-at="2021-09-05T19:32:53 WIB">
          <reporter-output>
          </reporter-output>
        </test-method> <!-- close -->
      </class> <!-- TestSuite.AppTest -->
    </test> <!-- Test -->
  </suite> <!-- Suite -->
</testng-results>
