<?xml version="1.0" encoding="UTF-8"?>
<testsuite xmlns:xsi="http://www.w3.org/2001/XMLSchema-instance" xsi:noNamespaceSchemaLocation="https://maven.apache.org/surefire/maven-surefire-plugin/xsd/surefire-test-report-3.0.xsd" version="3.0" name="TestSuite" time="133.838" tests="7" errors="0" skipped="0" failures="0">
  <properties>
[...]
</properties>
  <testcase name="login" classname="TestSuite.AppTest" time="20.368"/>
  <testcase name="createSecret" classname="TestSuite.AppTest" time="36.427"/>
  <testcase name="createSecretWithoutPermission" classname="TestSuite.AppTest" time="33.139"/>
  <testcase name="updateSecretPermission" classname="TestSuite.AppTest" time="24.974"/>
  <testcase name="requestVANoAuth" classname="TestSuite.AppTest" time="4.744"/>
  <testcase name="requestVAAuth" classname="TestSuite.AppTest" time="4.531"/>
  <testcase name="validateVAList" classname="TestSuite.AppTest" time="3.229"/>
</testsuite>