<?xml version="1.0" encoding="UTF-8"?>
<!-- Generated by org.testng.reporters.JUnitXMLReporter -->
<testsuite hostname="MacBook-Pro.local" ignored="0" name="Test" tests="7" failures="0" timestamp="2021-09-05T19:32:54 WIB" time="133.224" errors="0">
  <testcase name="login" time="20.365" classname="TestSuite.AppTest"/>
  <testcase name="createSecret" time="36.426" classname="TestSuite.AppTest"/>
  <testcase name="createSecretWithoutPermission" time="33.138" classname="TestSuite.AppTest"/>
  <testcase name="updateSecretPermission" time="24.974" classname="TestSuite.AppTest"/>
  <testcase name="requestVANoAuth" time="4.743" classname="TestSuite.AppTest"/>
  <testcase name="requestVAAuth" time="4.53" classname="TestSuite.AppTest"/>
  <testcase name="validateVAList" time="3.228" classname="TestSuite.AppTest"/>
</testsuite> <!-- Test -->
